<?xml version="1.0" encoding="UTF-8"?>
<!-- Generated by org.testng.reporters.JUnitReportReporter -->
<testsuite hostname="LAPTOP-B8A8UDTS" failures="0" tests="4" name="testlayerlogin.YourOrdersTest" time="28.813" errors="0" timestamp="2023-02-12T00:35:42 EST" skipped="0">
  <testcase classname="testlayerlogin.YourOrdersTest" name="verifySubList" time="7.634"/>
  <system-out/>
  <testcase classname="testlayerlogin.YourOrdersTest" name="validateBuyAgain" time="6.977"/>
  <system-out/>
  <testcase classname="testlayerlogin.YourOrdersTest" name="validateNotYetShipped" time="6.767"/>
  <system-out/>
  <testcase classname="testlayerlogin.YourOrdersTest" name="validateCancelledOrders" time="7.435"/>
  <system-out/>
</testsuite> <!-- testlayerlogin.YourOrdersTest -->
