<?xml version="1.0" encoding="UTF-8"?>
<!-- Generated by org.testng.reporters.JUnitReportReporter -->
<testsuite hostname="LAPTOP-B8A8UDTS" failures="0" tests="2" name="testlayerlogin.YouraccountTest" time="48.081" errors="0" timestamp="2023-03-08T00:12:23 EST" skipped="0">
  <testcase classname="testlayerlogin.YouraccountTest" name="verifyYourAccountTitle" time="23.458"/>
  <system-out/>
  <testcase classname="testlayerlogin.YouraccountTest" name="verifySubList" time="24.623"/>
  <system-out/>
</testsuite> <!-- testlayerlogin.YouraccountTest -->
