<?xml version="1.0" encoding="UTF-8"?>
<!-- Generated by org.testng.reporters.JUnitReportReporter -->
<testsuite hostname="LAPTOP-B8A8UDTS" failures="0" tests="7" name="testlayerlogin.SearchTest" time="151.294" errors="0" timestamp="2023-03-08T01:23:56 EST" skipped="0">
  <testcase classname="testlayerlogin.SearchTest" name="validAllbutton" time="19.143"/>
  <system-out/>
  <testcase classname="testlayerlogin.SearchTest" name="validSearchKEYWORD" time="25.642"/>
  <system-out/>
  <testcase classname="testlayerlogin.SearchTest" name="validSearchDESCRIPTIONTEXT" time="9.582"/>
  <system-out/>
  <testcase classname="testlayerlogin.SearchTest" name="validSearchMODELNO" time="25.570"/>
  <system-out/>
  <testcase classname="testlayerlogin.SearchTest" name="validSearchPARTIALMODELNO" time="25.252"/>
  <system-out/>
  <testcase classname="testlayerlogin.SearchTest" name="validSearchPRODUCTRELEVANCY" time="25.665"/>
  <system-out/>
  <testcase classname="testlayerlogin.SearchTest" name="validSearchSORTBY" time="20.440"/>
  <system-out/>
</testsuite> <!-- testlayerlogin.SearchTest -->
