<?xml version="1.0" encoding="UTF-8"?>
<!-- Generated by org.testng.reporters.JUnitReportReporter -->
<testsuite hostname="LAPTOP-B8A8UDTS" failures="0" tests="4" name="testlayerlogin.YourOrdersTest" time="80.890" errors="0" timestamp="2023-03-08T00:12:23 EST" skipped="0">
  <testcase classname="testlayerlogin.YourOrdersTest" name="verifySubList" time="27.610"/>
  <system-out/>
  <testcase classname="testlayerlogin.YourOrdersTest" name="validateBuyAgain" time="12.395"/>
  <system-out/>
  <testcase classname="testlayerlogin.YourOrdersTest" name="validateNotYetShipped" time="11.825"/>
  <system-out/>
  <testcase classname="testlayerlogin.YourOrdersTest" name="validateCancelledOrders" time="29.060"/>
  <system-out/>
</testsuite> <!-- testlayerlogin.YourOrdersTest -->
