<?xml version="1.0" encoding="UTF-8"?>
<!-- Generated by org.testng.reporters.JUnitReportReporter -->
<testsuite hostname="LAPTOP-B8A8UDTS" failures="0" tests="3" name="testlayerlogin.logintest" time="58.305" errors="0" timestamp="2023-03-07T23:19:12 EST" skipped="0">
  <testcase classname="testlayerlogin.logintest" name="Title" time="19.117"/>
  <system-out/>
  <testcase classname="testlayerlogin.logintest" name="validateName" time="18.916"/>
  <system-out/>
  <testcase classname="testlayerlogin.logintest" name="createuser" time="20.272"/>
  <system-out/>
</testsuite> <!-- testlayerlogin.logintest -->
