<?xml version="1.0" encoding="UTF-8"?>
<!-- Generated by org.testng.reporters.JUnitReportReporter -->
<testsuite hostname="LAPTOP-B8A8UDTS" failures="0" tests="1" name="testlayerlogin.YourPaymentsTest" time="0.000" errors="0" timestamp="2023-03-06T02:36:47 EST" skipped="1">
  <testcase classname="testlayerlogin.YourPaymentsTest" name="VerifyYourPayments" time="0.000">
    <skipped/>
  </testcase> <!-- VerifyYourPayments -->
  <system-out/>
</testsuite> <!-- testlayerlogin.YourPaymentsTest -->
